{"/Users/22282215/Documents/testes-unitarios/matematica.js": {"path":"/Users/22282215/Documents/testes-unitarios/matematica.js","statementMap":{"0":{"start":{"line":4,"column":4},"end":{"line":4,"column":16}},"1":{"start":{"line":8,"column":4},"end":{"line":8,"column":16}},"2":{"start":{"line":12,"column":4},"end":{"line":12,"column":40}},"3":{"start":{"line":15,"column":0},"end":{"line":18,"column":1}}},"fnMap":{"0":{"name":"soma","decl":{"start":{"line":3,"column":9},"end":{"line":3,"column":13}},"loc":{"start":{"line":3,"column":19},"end":{"line":5,"column":1}},"line":3},"1":{"name":"subtrair","decl":{"start":{"line":7,"column":9},"end":{"line":7,"column":17}},"loc":{"start":{"line":7,"column":23},"end":{"line":9,"column":1}},"line":7},"2":{"name":"fatorial","decl":{"start":{"line":11,"column":9},"end":{"line":11,"column":17}},"loc":{"start":{"line":11,"column":20},"end":{"line":13,"column":1}},"line":11}},"branchMap":{"0":{"loc":{"start":{"line":12,"column":11},"end":{"line":12,"column":40}},"type":"cond-expr","locations":[{"start":{"line":12,"column":19},"end":{"line":12,"column":20}},{"start":{"line":12,"column":23},"end":{"line":12,"column":40}}],"line":12}},"s":{"0":4,"1":0,"2":7,"3":1},"f":{"0":4,"1":0,"2":7},"b":{"0":[3,4]},"_coverageSchema":"1a1c01bbd47fc00a2c39e90264f33305004495a9","hash":"194b1ad8ace33f7ef2feb61090dc5a7f4782e078"}
}
